<?xml version="1.0" encoding="UTF-8"?>
<!-- Generated by org.testng.reporters.JUnitXMLReporter -->
<testsuite hostname="DESKTOP-HEHLAT0" ignored="3" name="Default test" tests="24" failures="0" timestamp="28 Jun 2018 09:28:00 GMT" time="4.964" errors="0">
  <testcase name="blank_first_name" time="0.137" classname="com.DeltaLoginUI"/>
  <testcase name="blank_lastname" time="0.105" classname="com.DeltaLoginUI"/>
  <testcase name="blank_username" time="0.113" classname="com.DeltaLoginUI"/>
  <testcase name="enter_invalid_confirm_password" time="0.07" classname="com.DeltaLoginUI"/>
  <testcase name="enter_invalid_confirm_password" time="0.115" classname="com.DeltaLoginUI"/>
  <testcase name="enter_invalid_contact_number" time="0.079" classname="com.DeltaLoginUI"/>
  <testcase name="enter_invalid_contact_number" time="0.065" classname="com.DeltaLoginUI"/>
  <testcase name="enter_invalid_email" time="0.068" classname="com.DeltaLoginUI"/>
  <testcase name="enter_invalid_email" time="0.073" classname="com.DeltaLoginUI"/>
  <testcase name="enter_invalid_firstname" time="0.067" classname="com.DeltaLoginUI"/>
  <testcase name="enter_invalid_firstname" time="0.076" classname="com.DeltaLoginUI"/>
  <testcase name="enter_invalid_lastname" time="0.076" classname="com.DeltaLoginUI"/>
  <testcase name="enter_invalid_lastname" time="0.072" classname="com.DeltaLoginUI"/>
  <testcase name="enter_invalid_password" time="0.076" classname="com.DeltaLoginUI"/>
  <testcase name="enter_invalid_password" time="0.093" classname="com.DeltaLoginUI"/>
  <testcase name="enter_invalid_username" time="0.152" classname="com.DeltaLoginUI"/>
  <testcase name="enter_invalid_username" time="0.082" classname="com.DeltaLoginUI"/>
  <testcase name="valid_confirm_password" time="0.12" classname="com.DeltaLoginUI"/>
  <testcase name="valid_email" time="0.11" classname="com.DeltaLoginUI"/>
  <testcase name="valid_first_name" time="0.09" classname="com.DeltaLoginUI"/>
  <testcase name="valid_last_name" time="0.074" classname="com.DeltaLoginUI"/>
  <testcase name="valid_password" time="0.115" classname="com.DeltaLoginUI"/>
  <testcase name="valid_username" time="0.139" classname="com.DeltaLoginUI"/>
  <testcase name="create_user" time="1.982" classname="com.DeltaLoginUI"/>
  <testcase name="blank_confirm_password" time="0.0" classname="com.DeltaLoginUI">
    <ignored/>
  </testcase> <!-- blank_confirm_password -->
  <testcase name="blank_email" time="0.0" classname="com.DeltaLoginUI">
    <ignored/>
  </testcase> <!-- blank_email -->
  <testcase name="blank_password" time="0.0" classname="com.DeltaLoginUI">
    <ignored/>
  </testcase> <!-- blank_password -->
</testsuite> <!-- Default test -->
