<?xml version="1.0" encoding="UTF-8"?>
<!-- Generated by org.testng.reporters.JUnitXMLReporter -->
<testsuite hostname="DESKTOP-HEHLAT0" ignored="0" name="Default test" tests="27" failures="0" timestamp="28 Jun 2018 14:11:58 GMT" time="4.3" errors="0">
  <testcase name="blank_confirm_password" time="0.119" classname="com.DeltaLoginUI"/>
  <testcase name="blank_email" time="0.102" classname="com.DeltaLoginUI"/>
  <testcase name="blank_first_name" time="0.106" classname="com.DeltaLoginUI"/>
  <testcase name="blank_lastname" time="0.101" classname="com.DeltaLoginUI"/>
  <testcase name="blank_password" time="0.095" classname="com.DeltaLoginUI"/>
  <testcase name="blank_username" time="0.088" classname="com.DeltaLoginUI"/>
  <testcase name="enter_invalid_confirm_password" time="0.059" classname="com.DeltaLoginUI"/>
  <testcase name="enter_invalid_confirm_password" time="0.04" classname="com.DeltaLoginUI"/>
  <testcase name="enter_invalid_contact_number" time="0.048" classname="com.DeltaLoginUI"/>
  <testcase name="enter_invalid_contact_number" time="0.065" classname="com.DeltaLoginUI"/>
  <testcase name="enter_invalid_email" time="0.051" classname="com.DeltaLoginUI"/>
  <testcase name="enter_invalid_email" time="0.061" classname="com.DeltaLoginUI"/>
  <testcase name="enter_invalid_firstname" time="0.044" classname="com.DeltaLoginUI"/>
  <testcase name="enter_invalid_firstname" time="0.048" classname="com.DeltaLoginUI"/>
  <testcase name="enter_invalid_lastname" time="0.073" classname="com.DeltaLoginUI"/>
  <testcase name="enter_invalid_lastname" time="0.042" classname="com.DeltaLoginUI"/>
  <testcase name="enter_invalid_password" time="0.042" classname="com.DeltaLoginUI"/>
  <testcase name="enter_invalid_password" time="0.058" classname="com.DeltaLoginUI"/>
  <testcase name="enter_invalid_username" time="0.069" classname="com.DeltaLoginUI"/>
  <testcase name="enter_invalid_username" time="0.069" classname="com.DeltaLoginUI"/>
  <testcase name="valid_confirm_password" time="0.168" classname="com.DeltaLoginUI"/>
  <testcase name="valid_email" time="0.091" classname="com.DeltaLoginUI"/>
  <testcase name="valid_first_name" time="0.063" classname="com.DeltaLoginUI"/>
  <testcase name="valid_last_name" time="0.077" classname="com.DeltaLoginUI"/>
  <testcase name="valid_password" time="0.106" classname="com.DeltaLoginUI"/>
  <testcase name="valid_username" time="0.077" classname="com.DeltaLoginUI"/>
  <testcase name="create_user" time="1.552" classname="com.DeltaLoginUI"/>
</testsuite> <!-- Default test -->
