<?xml version="1.0" encoding="UTF-8"?>
<testng-results skipped="0" failed="0" ignored="0" total="27" passed="27">
  <reporter-output>
  </reporter-output>
  <suite name="Default suite" duration-ms="5382" started-at="2018-06-29T03:36:31Z" finished-at="2018-06-29T03:36:37Z">
    <groups>
      <group name="regression">
        <method signature="DeltaLoginUI.blank_first_name()[pri:0, instance:com.DeltaLoginUI@3632be31]" name="blank_first_name" class="com.DeltaLoginUI"/>
        <method signature="DeltaLoginUI.blank_lastname()[pri:0, instance:com.DeltaLoginUI@3632be31]" name="blank_lastname" class="com.DeltaLoginUI"/>
        <method signature="DeltaLoginUI.blank_username()[pri:0, instance:com.DeltaLoginUI@3632be31]" name="blank_username" class="com.DeltaLoginUI"/>
        <method signature="DeltaLoginUI.create_user()[pri:2, instance:com.DeltaLoginUI@3632be31]" name="create_user" class="com.DeltaLoginUI"/>
        <method signature="DeltaLoginUI.enter_invalid_confirm_password(java.lang.String)[pri:0, instance:com.DeltaLoginUI@3632be31]" name="enter_invalid_confirm_password" class="com.DeltaLoginUI"/>
        <method signature="DeltaLoginUI.enter_invalid_contact_number(java.lang.String)[pri:0, instance:com.DeltaLoginUI@3632be31]" name="enter_invalid_contact_number" class="com.DeltaLoginUI"/>
        <method signature="DeltaLoginUI.enter_invalid_email(java.lang.String)[pri:0, instance:com.DeltaLoginUI@3632be31]" name="enter_invalid_email" class="com.DeltaLoginUI"/>
        <method signature="DeltaLoginUI.enter_invalid_firstname(java.lang.String)[pri:0, instance:com.DeltaLoginUI@3632be31]" name="enter_invalid_firstname" class="com.DeltaLoginUI"/>
        <method signature="DeltaLoginUI.enter_invalid_lastname(java.lang.String)[pri:0, instance:com.DeltaLoginUI@3632be31]" name="enter_invalid_lastname" class="com.DeltaLoginUI"/>
        <method signature="DeltaLoginUI.enter_invalid_password(java.lang.String)[pri:0, instance:com.DeltaLoginUI@3632be31]" name="enter_invalid_password" class="com.DeltaLoginUI"/>
        <method signature="DeltaLoginUI.enter_invalid_username(java.lang.String)[pri:0, instance:com.DeltaLoginUI@3632be31]" name="enter_invalid_username" class="com.DeltaLoginUI"/>
        <method signature="DeltaLoginUI.valid_confirm_password()[pri:0, instance:com.DeltaLoginUI@3632be31]" name="valid_confirm_password" class="com.DeltaLoginUI"/>
        <method signature="DeltaLoginUI.valid_email()[pri:0, instance:com.DeltaLoginUI@3632be31]" name="valid_email" class="com.DeltaLoginUI"/>
        <method signature="DeltaLoginUI.valid_first_name()[pri:0, instance:com.DeltaLoginUI@3632be31]" name="valid_first_name" class="com.DeltaLoginUI"/>
        <method signature="DeltaLoginUI.valid_last_name()[pri:0, instance:com.DeltaLoginUI@3632be31]" name="valid_last_name" class="com.DeltaLoginUI"/>
        <method signature="DeltaLoginUI.valid_password()[pri:0, instance:com.DeltaLoginUI@3632be31]" name="valid_password" class="com.DeltaLoginUI"/>
        <method signature="DeltaLoginUI.valid_username()[pri:0, instance:com.DeltaLoginUI@3632be31]" name="valid_username" class="com.DeltaLoginUI"/>
      </group> <!-- regression -->
      <group name="sanity">
        <method signature="DeltaLoginUI.create_user()[pri:2, instance:com.DeltaLoginUI@3632be31]" name="create_user" class="com.DeltaLoginUI"/>
        <method signature="DeltaLoginUI.valid_confirm_password()[pri:0, instance:com.DeltaLoginUI@3632be31]" name="valid_confirm_password" class="com.DeltaLoginUI"/>
        <method signature="DeltaLoginUI.valid_email()[pri:0, instance:com.DeltaLoginUI@3632be31]" name="valid_email" class="com.DeltaLoginUI"/>
        <method signature="DeltaLoginUI.valid_first_name()[pri:0, instance:com.DeltaLoginUI@3632be31]" name="valid_first_name" class="com.DeltaLoginUI"/>
        <method signature="DeltaLoginUI.valid_last_name()[pri:0, instance:com.DeltaLoginUI@3632be31]" name="valid_last_name" class="com.DeltaLoginUI"/>
        <method signature="DeltaLoginUI.valid_password()[pri:0, instance:com.DeltaLoginUI@3632be31]" name="valid_password" class="com.DeltaLoginUI"/>
        <method signature="DeltaLoginUI.valid_username()[pri:0, instance:com.DeltaLoginUI@3632be31]" name="valid_username" class="com.DeltaLoginUI"/>
      </group> <!-- sanity -->
    </groups>
    <test name="Default test" duration-ms="5382" started-at="2018-06-29T03:36:31Z" finished-at="2018-06-29T03:36:37Z">
      <class name="com.DeltaLoginUI">
        <test-method status="PASS" signature="openBrowser()[pri:0, instance:com.DeltaLoginUI@3632be31]" name="openBrowser" is-config="true" duration-ms="9608" started-at="2018-06-29T03:36:22Z" finished-at="2018-06-29T03:36:31Z">
          <reporter-output>
          </reporter-output>
        </test-method> <!-- openBrowser -->
        <test-method status="PASS" signature="beforeTest()[pri:0, instance:com.DeltaLoginUI@3632be31]" name="beforeTest" is-config="true" duration-ms="0" started-at="2018-06-29T03:36:31Z" finished-at="2018-06-29T03:36:31Z">
          <reporter-output>
          </reporter-output>
        </test-method> <!-- beforeTest -->
        <test-method status="PASS" signature="load_Object()[pri:0, instance:com.DeltaLoginUI@3632be31]" name="load_Object" is-config="true" duration-ms="3" started-at="2018-06-29T03:36:31Z" finished-at="2018-06-29T03:36:32Z">
          <reporter-output>
          </reporter-output>
        </test-method> <!-- load_Object -->
        <test-method status="PASS" signature="blank_confirm_password()[pri:0, instance:com.DeltaLoginUI@3632be31]" name="blank_confirm_password" duration-ms="133" started-at="2018-06-29T03:36:32Z" finished-at="2018-06-29T03:36:32Z">
          <reporter-output>
          </reporter-output>
        </test-method> <!-- blank_confirm_password -->
        <test-method status="PASS" signature="load_Object()[pri:0, instance:com.DeltaLoginUI@3632be31]" name="load_Object" is-config="true" duration-ms="1" started-at="2018-06-29T03:36:32Z" finished-at="2018-06-29T03:36:32Z">
          <reporter-output>
          </reporter-output>
        </test-method> <!-- load_Object -->
        <test-method status="PASS" signature="blank_email()[pri:0, instance:com.DeltaLoginUI@3632be31]" name="blank_email" duration-ms="110" started-at="2018-06-29T03:36:32Z" finished-at="2018-06-29T03:36:32Z">
          <reporter-output>
          </reporter-output>
        </test-method> <!-- blank_email -->
        <test-method status="PASS" signature="load_Object()[pri:0, instance:com.DeltaLoginUI@3632be31]" name="load_Object" is-config="true" duration-ms="1" started-at="2018-06-29T03:36:32Z" finished-at="2018-06-29T03:36:32Z">
          <reporter-output>
          </reporter-output>
        </test-method> <!-- load_Object -->
        <test-method status="PASS" signature="blank_first_name()[pri:0, instance:com.DeltaLoginUI@3632be31]" name="blank_first_name" duration-ms="119" started-at="2018-06-29T03:36:32Z" finished-at="2018-06-29T03:36:32Z">
          <reporter-output>
          </reporter-output>
        </test-method> <!-- blank_first_name -->
        <test-method status="PASS" signature="load_Object()[pri:0, instance:com.DeltaLoginUI@3632be31]" name="load_Object" is-config="true" duration-ms="1" started-at="2018-06-29T03:36:32Z" finished-at="2018-06-29T03:36:32Z">
          <reporter-output>
          </reporter-output>
        </test-method> <!-- load_Object -->
        <test-method status="PASS" signature="blank_lastname()[pri:0, instance:com.DeltaLoginUI@3632be31]" name="blank_lastname" duration-ms="128" started-at="2018-06-29T03:36:32Z" finished-at="2018-06-29T03:36:32Z">
          <reporter-output>
          </reporter-output>
        </test-method> <!-- blank_lastname -->
        <test-method status="PASS" signature="blank_password()[pri:0, instance:com.DeltaLoginUI@3632be31]" name="blank_password" duration-ms="85" started-at="2018-06-29T03:36:32Z" finished-at="2018-06-29T03:36:32Z">
          <reporter-output>
          </reporter-output>
        </test-method> <!-- blank_password -->
        <test-method status="PASS" signature="load_Object()[pri:0, instance:com.DeltaLoginUI@3632be31]" name="load_Object" is-config="true" duration-ms="0" started-at="2018-06-29T03:36:32Z" finished-at="2018-06-29T03:36:32Z">
          <reporter-output>
          </reporter-output>
        </test-method> <!-- load_Object -->
        <test-method status="PASS" signature="load_Object()[pri:0, instance:com.DeltaLoginUI@3632be31]" name="load_Object" is-config="true" duration-ms="1" started-at="2018-06-29T03:36:32Z" finished-at="2018-06-29T03:36:32Z">
          <reporter-output>
          </reporter-output>
        </test-method> <!-- load_Object -->
        <test-method status="PASS" signature="blank_username()[pri:0, instance:com.DeltaLoginUI@3632be31]" name="blank_username" duration-ms="119" started-at="2018-06-29T03:36:32Z" finished-at="2018-06-29T03:36:32Z">
          <reporter-output>
          </reporter-output>
        </test-method> <!-- blank_username -->
        <test-method status="PASS" signature="load_Object()[pri:0, instance:com.DeltaLoginUI@3632be31]" name="load_Object" is-config="true" duration-ms="1" started-at="2018-06-29T03:36:33Z" finished-at="2018-06-29T03:36:33Z">
          <reporter-output>
          </reporter-output>
        </test-method> <!-- load_Object -->
        <test-method status="PASS" signature="enter_invalid_confirm_password(java.lang.String)[pri:0, instance:com.DeltaLoginUI@3632be31]" name="enter_invalid_confirm_password" duration-ms="55" started-at="2018-06-29T03:36:33Z" data-provider="data_invalid" finished-at="2018-06-29T03:36:33Z">
          <params>
            <param index="0">
              <value>
                <![CDATA[q]]>
              </value>
            </param>
          </params>
          <reporter-output>
          </reporter-output>
        </test-method> <!-- enter_invalid_confirm_password -->
        <test-method status="PASS" signature="load_Object()[pri:0, instance:com.DeltaLoginUI@3632be31]" name="load_Object" is-config="true" duration-ms="1" started-at="2018-06-29T03:36:33Z" finished-at="2018-06-29T03:36:33Z">
          <reporter-output>
          </reporter-output>
        </test-method> <!-- load_Object -->
        <test-method status="PASS" signature="enter_invalid_confirm_password(java.lang.String)[pri:0, instance:com.DeltaLoginUI@3632be31]" name="enter_invalid_confirm_password" duration-ms="66" started-at="2018-06-29T03:36:33Z" data-provider="data_invalid" finished-at="2018-06-29T03:36:33Z">
          <params>
            <param index="0">
              <value>
                <![CDATA[d]]>
              </value>
            </param>
          </params>
          <reporter-output>
          </reporter-output>
        </test-method> <!-- enter_invalid_confirm_password -->
        <test-method status="PASS" signature="load_Object()[pri:0, instance:com.DeltaLoginUI@3632be31]" name="load_Object" is-config="true" duration-ms="0" started-at="2018-06-29T03:36:33Z" finished-at="2018-06-29T03:36:33Z">
          <reporter-output>
          </reporter-output>
        </test-method> <!-- load_Object -->
        <test-method status="PASS" signature="enter_invalid_contact_number(java.lang.String)[pri:0, instance:com.DeltaLoginUI@3632be31]" name="enter_invalid_contact_number" duration-ms="113" started-at="2018-06-29T03:36:33Z" data-provider="data_invalid" finished-at="2018-06-29T03:36:33Z">
          <params>
            <param index="0">
              <value>
                <![CDATA[q]]>
              </value>
            </param>
          </params>
          <reporter-output>
          </reporter-output>
        </test-method> <!-- enter_invalid_contact_number -->
        <test-method status="PASS" signature="load_Object()[pri:0, instance:com.DeltaLoginUI@3632be31]" name="load_Object" is-config="true" duration-ms="0" started-at="2018-06-29T03:36:33Z" finished-at="2018-06-29T03:36:33Z">
          <reporter-output>
          </reporter-output>
        </test-method> <!-- load_Object -->
        <test-method status="PASS" signature="enter_invalid_contact_number(java.lang.String)[pri:0, instance:com.DeltaLoginUI@3632be31]" name="enter_invalid_contact_number" duration-ms="58" started-at="2018-06-29T03:36:33Z" data-provider="data_invalid" finished-at="2018-06-29T03:36:33Z">
          <params>
            <param index="0">
              <value>
                <![CDATA[d]]>
              </value>
            </param>
          </params>
          <reporter-output>
          </reporter-output>
        </test-method> <!-- enter_invalid_contact_number -->
        <test-method status="PASS" signature="load_Object()[pri:0, instance:com.DeltaLoginUI@3632be31]" name="load_Object" is-config="true" duration-ms="1" started-at="2018-06-29T03:36:33Z" finished-at="2018-06-29T03:36:33Z">
          <reporter-output>
          </reporter-output>
        </test-method> <!-- load_Object -->
        <test-method status="PASS" signature="enter_invalid_email(java.lang.String)[pri:0, instance:com.DeltaLoginUI@3632be31]" name="enter_invalid_email" duration-ms="83" started-at="2018-06-29T03:36:33Z" data-provider="data_invalid" finished-at="2018-06-29T03:36:33Z">
          <params>
            <param index="0">
              <value>
                <![CDATA[q]]>
              </value>
            </param>
          </params>
          <reporter-output>
          </reporter-output>
        </test-method> <!-- enter_invalid_email -->
        <test-method status="PASS" signature="load_Object()[pri:0, instance:com.DeltaLoginUI@3632be31]" name="load_Object" is-config="true" duration-ms="0" started-at="2018-06-29T03:36:33Z" finished-at="2018-06-29T03:36:33Z">
          <reporter-output>
          </reporter-output>
        </test-method> <!-- load_Object -->
        <test-method status="PASS" signature="enter_invalid_email(java.lang.String)[pri:0, instance:com.DeltaLoginUI@3632be31]" name="enter_invalid_email" duration-ms="80" started-at="2018-06-29T03:36:33Z" data-provider="data_invalid" finished-at="2018-06-29T03:36:33Z">
          <params>
            <param index="0">
              <value>
                <![CDATA[d]]>
              </value>
            </param>
          </params>
          <reporter-output>
          </reporter-output>
        </test-method> <!-- enter_invalid_email -->
        <test-method status="PASS" signature="load_Object()[pri:0, instance:com.DeltaLoginUI@3632be31]" name="load_Object" is-config="true" duration-ms="1" started-at="2018-06-29T03:36:33Z" finished-at="2018-06-29T03:36:33Z">
          <reporter-output>
          </reporter-output>
        </test-method> <!-- load_Object -->
        <test-method status="PASS" signature="enter_invalid_firstname(java.lang.String)[pri:0, instance:com.DeltaLoginUI@3632be31]" name="enter_invalid_firstname" duration-ms="69" started-at="2018-06-29T03:36:33Z" data-provider="data_invalid" finished-at="2018-06-29T03:36:33Z">
          <params>
            <param index="0">
              <value>
                <![CDATA[q]]>
              </value>
            </param>
          </params>
          <reporter-output>
          </reporter-output>
        </test-method> <!-- enter_invalid_firstname -->
        <test-method status="PASS" signature="load_Object()[pri:0, instance:com.DeltaLoginUI@3632be31]" name="load_Object" is-config="true" duration-ms="2" started-at="2018-06-29T03:36:33Z" finished-at="2018-06-29T03:36:33Z">
          <reporter-output>
          </reporter-output>
        </test-method> <!-- load_Object -->
        <test-method status="PASS" signature="enter_invalid_firstname(java.lang.String)[pri:0, instance:com.DeltaLoginUI@3632be31]" name="enter_invalid_firstname" duration-ms="75" started-at="2018-06-29T03:36:33Z" data-provider="data_invalid" finished-at="2018-06-29T03:36:34Z">
          <params>
            <param index="0">
              <value>
                <![CDATA[d]]>
              </value>
            </param>
          </params>
          <reporter-output>
          </reporter-output>
        </test-method> <!-- enter_invalid_firstname -->
        <test-method status="PASS" signature="load_Object()[pri:0, instance:com.DeltaLoginUI@3632be31]" name="load_Object" is-config="true" duration-ms="2" started-at="2018-06-29T03:36:34Z" finished-at="2018-06-29T03:36:34Z">
          <reporter-output>
          </reporter-output>
        </test-method> <!-- load_Object -->
        <test-method status="PASS" signature="enter_invalid_lastname(java.lang.String)[pri:0, instance:com.DeltaLoginUI@3632be31]" name="enter_invalid_lastname" duration-ms="103" started-at="2018-06-29T03:36:34Z" data-provider="data_invalid" finished-at="2018-06-29T03:36:34Z">
          <params>
            <param index="0">
              <value>
                <![CDATA[q]]>
              </value>
            </param>
          </params>
          <reporter-output>
          </reporter-output>
        </test-method> <!-- enter_invalid_lastname -->
        <test-method status="PASS" signature="load_Object()[pri:0, instance:com.DeltaLoginUI@3632be31]" name="load_Object" is-config="true" duration-ms="2" started-at="2018-06-29T03:36:34Z" finished-at="2018-06-29T03:36:34Z">
          <reporter-output>
          </reporter-output>
        </test-method> <!-- load_Object -->
        <test-method status="PASS" signature="enter_invalid_lastname(java.lang.String)[pri:0, instance:com.DeltaLoginUI@3632be31]" name="enter_invalid_lastname" duration-ms="83" started-at="2018-06-29T03:36:34Z" data-provider="data_invalid" finished-at="2018-06-29T03:36:34Z">
          <params>
            <param index="0">
              <value>
                <![CDATA[d]]>
              </value>
            </param>
          </params>
          <reporter-output>
          </reporter-output>
        </test-method> <!-- enter_invalid_lastname -->
        <test-method status="PASS" signature="load_Object()[pri:0, instance:com.DeltaLoginUI@3632be31]" name="load_Object" is-config="true" duration-ms="1" started-at="2018-06-29T03:36:34Z" finished-at="2018-06-29T03:36:34Z">
          <reporter-output>
          </reporter-output>
        </test-method> <!-- load_Object -->
        <test-method status="PASS" signature="enter_invalid_password(java.lang.String)[pri:0, instance:com.DeltaLoginUI@3632be31]" name="enter_invalid_password" duration-ms="120" started-at="2018-06-29T03:36:34Z" data-provider="data_invalid" finished-at="2018-06-29T03:36:34Z">
          <params>
            <param index="0">
              <value>
                <![CDATA[q]]>
              </value>
            </param>
          </params>
          <reporter-output>
          </reporter-output>
        </test-method> <!-- enter_invalid_password -->
        <test-method status="PASS" signature="load_Object()[pri:0, instance:com.DeltaLoginUI@3632be31]" name="load_Object" is-config="true" duration-ms="0" started-at="2018-06-29T03:36:34Z" finished-at="2018-06-29T03:36:34Z">
          <reporter-output>
          </reporter-output>
        </test-method> <!-- load_Object -->
        <test-method status="PASS" signature="enter_invalid_password(java.lang.String)[pri:0, instance:com.DeltaLoginUI@3632be31]" name="enter_invalid_password" duration-ms="78" started-at="2018-06-29T03:36:34Z" data-provider="data_invalid" finished-at="2018-06-29T03:36:34Z">
          <params>
            <param index="0">
              <value>
                <![CDATA[d]]>
              </value>
            </param>
          </params>
          <reporter-output>
          </reporter-output>
        </test-method> <!-- enter_invalid_password -->
        <test-method status="PASS" signature="load_Object()[pri:0, instance:com.DeltaLoginUI@3632be31]" name="load_Object" is-config="true" duration-ms="5" started-at="2018-06-29T03:36:34Z" finished-at="2018-06-29T03:36:34Z">
          <reporter-output>
          </reporter-output>
        </test-method> <!-- load_Object -->
        <test-method status="PASS" signature="enter_invalid_username(java.lang.String)[pri:0, instance:com.DeltaLoginUI@3632be31]" name="enter_invalid_username" duration-ms="73" started-at="2018-06-29T03:36:34Z" data-provider="data_invalid" finished-at="2018-06-29T03:36:34Z">
          <params>
            <param index="0">
              <value>
                <![CDATA[q]]>
              </value>
            </param>
          </params>
          <reporter-output>
          </reporter-output>
        </test-method> <!-- enter_invalid_username -->
        <test-method status="PASS" signature="load_Object()[pri:0, instance:com.DeltaLoginUI@3632be31]" name="load_Object" is-config="true" duration-ms="1" started-at="2018-06-29T03:36:34Z" finished-at="2018-06-29T03:36:34Z">
          <reporter-output>
          </reporter-output>
        </test-method> <!-- load_Object -->
        <test-method status="PASS" signature="enter_invalid_username(java.lang.String)[pri:0, instance:com.DeltaLoginUI@3632be31]" name="enter_invalid_username" duration-ms="66" started-at="2018-06-29T03:36:34Z" data-provider="data_invalid" finished-at="2018-06-29T03:36:34Z">
          <params>
            <param index="0">
              <value>
                <![CDATA[d]]>
              </value>
            </param>
          </params>
          <reporter-output>
          </reporter-output>
        </test-method> <!-- enter_invalid_username -->
        <test-method status="PASS" signature="load_Object()[pri:0, instance:com.DeltaLoginUI@3632be31]" name="load_Object" is-config="true" duration-ms="1" started-at="2018-06-29T03:36:34Z" finished-at="2018-06-29T03:36:34Z">
          <reporter-output>
          </reporter-output>
        </test-method> <!-- load_Object -->
        <test-method status="PASS" signature="valid_confirm_password()[pri:0, instance:com.DeltaLoginUI@3632be31]" name="valid_confirm_password" duration-ms="101" started-at="2018-06-29T03:36:34Z" finished-at="2018-06-29T03:36:34Z">
          <reporter-output>
          </reporter-output>
        </test-method> <!-- valid_confirm_password -->
        <test-method status="PASS" signature="load_Object()[pri:0, instance:com.DeltaLoginUI@3632be31]" name="load_Object" is-config="true" duration-ms="0" started-at="2018-06-29T03:36:34Z" finished-at="2018-06-29T03:36:34Z">
          <reporter-output>
          </reporter-output>
        </test-method> <!-- load_Object -->
        <test-method status="PASS" signature="valid_email()[pri:0, instance:com.DeltaLoginUI@3632be31]" name="valid_email" duration-ms="108" started-at="2018-06-29T03:36:34Z" finished-at="2018-06-29T03:36:34Z">
          <reporter-output>
          </reporter-output>
        </test-method> <!-- valid_email -->
        <test-method status="PASS" signature="load_Object()[pri:0, instance:com.DeltaLoginUI@3632be31]" name="load_Object" is-config="true" duration-ms="1" started-at="2018-06-29T03:36:34Z" finished-at="2018-06-29T03:36:34Z">
          <reporter-output>
          </reporter-output>
        </test-method> <!-- load_Object -->
        <test-method status="PASS" signature="valid_first_name()[pri:0, instance:com.DeltaLoginUI@3632be31]" name="valid_first_name" duration-ms="88" started-at="2018-06-29T03:36:34Z" finished-at="2018-06-29T03:36:34Z">
          <reporter-output>
          </reporter-output>
        </test-method> <!-- valid_first_name -->
        <test-method status="PASS" signature="load_Object()[pri:0, instance:com.DeltaLoginUI@3632be31]" name="load_Object" is-config="true" duration-ms="1" started-at="2018-06-29T03:36:34Z" finished-at="2018-06-29T03:36:34Z">
          <reporter-output>
          </reporter-output>
        </test-method> <!-- load_Object -->
        <test-method status="PASS" signature="valid_last_name()[pri:0, instance:com.DeltaLoginUI@3632be31]" name="valid_last_name" duration-ms="104" started-at="2018-06-29T03:36:34Z" finished-at="2018-06-29T03:36:35Z">
          <reporter-output>
          </reporter-output>
        </test-method> <!-- valid_last_name -->
        <test-method status="PASS" signature="load_Object()[pri:0, instance:com.DeltaLoginUI@3632be31]" name="load_Object" is-config="true" duration-ms="1" started-at="2018-06-29T03:36:35Z" finished-at="2018-06-29T03:36:35Z">
          <reporter-output>
          </reporter-output>
        </test-method> <!-- load_Object -->
        <test-method status="PASS" signature="valid_password()[pri:0, instance:com.DeltaLoginUI@3632be31]" name="valid_password" duration-ms="120" started-at="2018-06-29T03:36:35Z" finished-at="2018-06-29T03:36:35Z">
          <reporter-output>
          </reporter-output>
        </test-method> <!-- valid_password -->
        <test-method status="PASS" signature="load_Object()[pri:0, instance:com.DeltaLoginUI@3632be31]" name="load_Object" is-config="true" duration-ms="2" started-at="2018-06-29T03:36:35Z" finished-at="2018-06-29T03:36:35Z">
          <reporter-output>
          </reporter-output>
        </test-method> <!-- load_Object -->
        <test-method status="PASS" signature="valid_username()[pri:0, instance:com.DeltaLoginUI@3632be31]" name="valid_username" duration-ms="158" started-at="2018-06-29T03:36:35Z" finished-at="2018-06-29T03:36:35Z">
          <reporter-output>
          </reporter-output>
        </test-method> <!-- valid_username -->
        <test-method status="PASS" signature="load_Object()[pri:0, instance:com.DeltaLoginUI@3632be31]" name="load_Object" is-config="true" duration-ms="1" started-at="2018-06-29T03:36:35Z" finished-at="2018-06-29T03:36:35Z">
          <reporter-output>
          </reporter-output>
        </test-method> <!-- load_Object -->
        <test-method status="PASS" signature="create_user()[pri:2, instance:com.DeltaLoginUI@3632be31]" name="create_user" duration-ms="1969" started-at="2018-06-29T03:36:35Z" finished-at="2018-06-29T03:36:37Z">
          <reporter-output>
          </reporter-output>
        </test-method> <!-- create_user -->
        <test-method status="PASS" signature="afterTest()[pri:0, instance:com.DeltaLoginUI@3632be31]" name="afterTest" is-config="true" duration-ms="0" started-at="2018-06-29T03:36:37Z" finished-at="2018-06-29T03:36:37Z">
          <reporter-output>
          </reporter-output>
        </test-method> <!-- afterTest -->
        <test-method status="PASS" signature="closedBrowser()[pri:0, instance:com.DeltaLoginUI@3632be31]" name="closedBrowser" is-config="true" duration-ms="1365" started-at="2018-06-29T03:36:37Z" finished-at="2018-06-29T03:36:38Z">
          <reporter-output>
          </reporter-output>
        </test-method> <!-- closedBrowser -->
      </class> <!-- com.DeltaLoginUI -->
    </test> <!-- Default test -->
  </suite> <!-- Default suite -->
</testng-results>
